This is pdfTeXk, Version 3.1415926-1.40.9 (Web2C 7.5.7) (format=pdfetex 2008.10.19)  24 OCT 2008 01:08
entering extended mode
 file:line:error style messages enabled.
 %&-line parsing enabled.
**/Users/dazheng/Projects/hurd_ssh/hurd/doc/hurd.texi
(/Users/dazheng/Projects/hurd_ssh/hurd/doc/hurd.texi
(/usr/local/texlive/2008/texmf-dist/tex/texinfo/texinfo.tex
Loading texinfo [version 2008-10-16.09]:
\bindingoffset=\dimen16
\normaloffset=\dimen17
\pagewidth=\dimen18
\pageheight=\dimen19
\outerhsize=\dimen20
\outervsize=\dimen21
\cornerlong=\dimen22
\cornerthick=\dimen23
\topandbottommargin=\dimen24
\headlinebox=\box16
\footlinebox=\box17
\margin=\insert252
\EMsimple=\toks13
\groupbox=\box18
\groupinvalidhelp=\toks14
\mil=\dimen25
\exdentamount=\skip18
\inmarginspacing=\skip19
 pdf,
\tempnum=\count27
\lnkcount=\count28
\filename=\toks15
\filenamelength=\count29
\pgn=\count30
\toksA=\toks16
\toksB=\toks17
\toksC=\toks18
\toksD=\toks19
\boxA=\box19
\countA=\count31
\nopdfimagehelp=\toks20
 fonts,
\sffam=\fam8
\textleading=\dimen26
\fontdepth=\count32
 page headings,
\titlepagetopglue=\skip20
\titlepagebottomglue=\skip21
\evenheadline=\toks21
\oddheadline=\toks22
\evenfootline=\toks23
\oddfootline=\toks24
 tables,
\tableindent=\dimen27
\itemindent=\dimen28
\itemmargin=\dimen29
\itemmax=\dimen30
\itemno=\count33
\multitableparskip=\skip22
\multitableparindent=\skip23
\multitablecolspace=\dimen31
\multitablelinespace=\skip24
\colcount=\count34
\everytab=\toks25

conditionals,
\doignorecount=\count35
 indexing,
\whatsitskip=\skip25
\whatsitpenalty=\count36
\secondaryindent=\skip26
\partialpage=\box20
\doublecolumnhsize=\dimen32
 sectioning,
\unnumberedno=\count37
\chapno=\count38
\secno=\count39
\subsecno=\count40
\subsubsecno=\count41
\appendixno=\count42
\absseclevel=\count43
\secbase=\count44
\chapheadingskip=\skip27
\secheadingskip=\skip28
\subsecheadingskip=\skip29
 toc,
\tocfile=\write0
\contentsrightmargin=\skip30
\savepageno=\count45
\lastnegativepageno=\count46
\tocindent=\dimen33
 environments,
\errorbox=\box21
\lispnarrowing=\skip31
\envskipamount=\skip32
\circthick=\dimen34
\cartouter=\dimen35
\cartinner=\dimen36
\normbskip=\skip33
\normpskip=\skip34
\normlskip=\skip35
\lskip=\skip36
\rskip=\skip37
\tabw=\dimen37
 defuns,
\defbodyindent=\skip38
\defargsindent=\skip39
\deflastargmargin=\skip40
\defunpenalty=\count47
\parencount=\count48
\brackcount=\count49
 macros,
\paramno=\count50
\macname=\toks26

cross references,
\auxfile=\write1
\savesfregister=\count51
 insertions,
\footnoteno=\count52
\SAVEfootins=\box22
\SAVEmargin=\box23

(/usr/local/texlive/2008/texmf-dist/tex/generic/epsf/epsf.tex
This is `epsf.tex' v2.7.3 <23 July 2005>
\epsffilein=\read1
\epsfframemargin=\dimen38
\epsfframethickness=\dimen39
\epsfrsize=\dimen40
\epsftmp=\dimen41
\epsftsize=\dimen42
\epsfxsize=\dimen43
\epsfysize=\dimen44
\pspoints=\dimen45
)
\noepsfhelp=\toks27
 localization,
\nolanghelp=\toks28
\countUTFx=\count53
\countUTFy=\count54
\countUTFz=\count55
 formatting,
\defaultparindent=\dimen46
 and turning on texinfo input format.) (./hurd.aux)
\openout1 = `hurd.aux'.

@cpindfile=@write2
@fnindfile=@write3
@vrindfile=@write4
@tpindfile=@write5
@kyindfile=@write6
@pgindfile=@write7

(./version.texi)
@scindfile=@write8
 [1
\openout2 = `hurd.cp'.

\openout3 = `hurd.fn'.

\openout4 = `hurd.vr'.

\openout5 = `hurd.tp'.

\openout6 = `hurd.ky'.

\openout7 = `hurd.pg'.

\openout8 = `hurd.sc'.

{/usr/local/texlive/2008/texmf-var/fonts/map/pdftex/updmap/pdftex.map}] Variabl
e `VERSION', used in @value, is not set. [2] Chapter 1
\openout0 = `hurd.toc'.


[1] [2]
Overfull \hbox (174.62262pt too wide) in paragraph at lines 514--519
[]@textrm RMS ex-plains the re-la-tion-ship be-tween the Hurd and Linux in [][]
@texttt http://www.gnu.org/software/hurd/hurd-and-linux.html[][][]@textrm ,|

@hbox(7.60416+2.43333)x433.62, glue set - 1.0
.@hbox(0.0+0.0)x15.0
.@textrm R
.@textrm M
.@textrm S
.@glue 3.65 plus 1.82317 minus 1.21786
.etc.

(./gpl.texinfo (GNU GENERAL PUBLIC LICENSE) [3]
Underfull \hbox (badness 2368) in paragraph at lines 65--65
[]@secrm TERMS AND CON-DI-TIONS FOR COPY-ING, 

@hbox(9.87999+2.79999)x433.62, glue set 2.87518
.@hbox(0.0+0.0)x0.0
.@secrm T
.@secrm E
.@secrm R
.@secrm M
.etc.

[4] [5] [6] [7] [8]) Chapter 2 [9] [10] [11] Chapter 3 [12] [13] [14] [15]
[16] [17] [18] [19] Chapter 4 [20] [21] [22] [23] [24] [25] [26] [27]
Chapter 5 [28] [29] [30] [31] [32] [33]
Underfull \hbox (badness 2205) in paragraph at lines 2299--2302
 []@textrm These vari-ables are re-turned in the @textsl st[]fstype @textrm and
 @textsl st[]fsid @textrm fields of @texttt struct

@hbox(7.60416+2.12917)x433.62, glue set 2.80678
.@glue(@leftskip) 28.90755
.@hbox(0.0+0.0)x0.0
.@textrm T
.@textrm h
.@textrm e
.etc.

[34] [35] [36] [37] Variable `VERSION', used in @value, is not set. [38]
[39] [40] [41] Variable `VERSION', used in @value, is not set. [42] Chapter 6
[43] Chapter 7 [44] [45] [46] [47] [48] [49] [50] [51] [52] [53] Chapter 8
[54] [55] [56] [57] [58] [59] [60] [61] [62] [63] [64] [65] [66] [67]
Chapter 9 [68] Chapter 10 [69] Chapter 11 [70] [71]
Underfull \hbox (badness 3612) in paragraph at lines 4773--4776
[]@textrm Note that `@texttt --send-filter[]@textrm '[] and `@texttt --send-ip-
range[]@textrm '[] can-not be used to-gether.

@hbox(7.60416+2.43333)x433.62, glue set 3.30814
.@hbox(0.0+0.0)x15.0
.@textrm N
.@textrm o
.@textrm t
.@textrm e
.etc.

[72] Chapter 12 [73] Chapter 13 [74] Chapter 14 [75] (Index) [76] (./hurd.cps
[77] [78] [79] [80]) [81] (./hurd.toc) [-1] (./hurd.toc [-2] [-3] [-4])
[-5] (./hurd.toc) (./hurd.toc) ) 
Here is how much of TeX's memory you used:
 2386 strings out of 495629
 30432 string characters out of 1167904
 95175 words of memory out of 3000000
 3471 multiletter control sequences out of 10000+50000
 32127 words of font info for 112 fonts, out of 3000000 for 5000
 886 hyphenation exceptions out of 8191
 15i,6n,17p,513b,632s stack positions out of 5000i,500n,10000p,200000b,50000s
</usr/local/texlive/2008/texmf-dist/fonts/type1
/bluesky/cm/cmb10.pfb></usr/local/texlive/2008/texmf-dist/fonts/type1/bluesky/c
m/cmbx12.pfb></usr/local/texlive/2008/texmf-dist/fonts/type1/bluesky/cm/cmmi10.
pfb></usr/local/texlive/2008/texmf-dist/fonts/type1/bluesky/cm/cmmi12.pfb></usr
/local/texlive/2008/texmf-dist/fonts/type1/bluesky/cm/cmmi9.pfb></usr/local/tex
live/2008/texmf-dist/fonts/type1/bluesky/cm/cmr10.pfb></usr/local/texlive/2008/
texmf-dist/fonts/type1/bluesky/cm/cmr12.pfb></usr/local/texlive/2008/texmf-dist
/fonts/type1/bluesky/cm/cmr7.pfb></usr/local/texlive/2008/texmf-dist/fonts/type
1/bluesky/cm/cmr9.pfb></usr/local/texlive/2008/texmf-dist/fonts/type1/bluesky/c
m/cmsl10.pfb></usr/local/texlive/2008/texmf-dist/fonts/type1/bluesky/cm/cmsl9.p
fb></usr/local/texlive/2008/texmf-dist/fonts/type1/bluesky/cm/cmsltt10.pfb></us
r/local/texlive/2008/texmf-dist/fonts/type1/bluesky/cm/cmss10.pfb></usr/local/t
exlive/2008/texmf-dist/fonts/type1/bluesky/cm/cmsy10.pfb></usr/local/texlive/20
08/texmf-dist/fonts/type1/bluesky/cm/cmti10.pfb></usr/local/texlive/2008/texmf-
dist/fonts/type1/bluesky/cm/cmtt10.pfb></usr/local/texlive/2008/texmf-dist/font
s/type1/bluesky/cm/cmtt12.pfb></usr/local/texlive/2008/texmf-dist/fonts/type1/b
luesky/cm/cmtt9.pfb>
Output written on hurd.pdf (88 pages, 572207 bytes).
PDF statistics:
 1727 PDF objects out of 1728 (max. 8388607)
 201 named destinations out of 1000 (max. 131072)
 1221 words of extra memory for PDF output out of 10000 (max. 10000000)

